

Started GET "/" for 127.0.0.1 at 2015-07-13 17:05:39 -0400
  [1m[36mActiveRecord::SchemaMigration Load (22.2ms)[0m  [1mSELECT "schema_migrations".* FROM "schema_migrations"[0m
Processing by HomeController#index as HTML
Redirected to http://localhost:3000/hmds
Completed 302 Found in 22ms (ActiveRecord: 0.0ms)


Started GET "/hmds" for 127.0.0.1 at 2015-07-13 17:05:39 -0400
Processing by HmdsController#index as HTML
  [1m[35mHmd Load (1.9ms)[0m  SELECT "hmds".* FROM "hmds"  ORDER BY announced_at desc, name desc
  [1m[36mHmdState Load (1.1ms)[0m  [1mSELECT  "hmd_states".* FROM "hmd_states" WHERE "hmd_states"."hmd_id" = $1  ORDER BY "hmd_states"."id" DESC LIMIT 1[0m  [["hmd_id", 3]]
  Rendered hmds/_hmd.html.haml (38.5ms)
  [1m[35mHmdState Load (0.4ms)[0m  SELECT  "hmd_states".* FROM "hmd_states" WHERE "hmd_states"."hmd_id" = $1  ORDER BY "hmd_states"."id" DESC LIMIT 1  [["hmd_id", 6]]
  Rendered hmds/_hmd.html.haml (2.7ms)
  [1m[36mHmdState Load (0.3ms)[0m  [1mSELECT  "hmd_states".* FROM "hmd_states" WHERE "hmd_states"."hmd_id" = $1  ORDER BY "hmd_states"."id" DESC LIMIT 1[0m  [["hmd_id", 7]]
  Rendered hmds/_hmd.html.haml (1.7ms)
  [1m[35mHmdState Load (0.3ms)[0m  SELECT  "hmd_states".* FROM "hmd_states" WHERE "hmd_states"."hmd_id" = $1  ORDER BY "hmd_states"."id" DESC LIMIT 1  [["hmd_id", 5]]
  Rendered hmds/_hmd.html.haml (1.7ms)
  [1m[36mHmdState Load (0.3ms)[0m  [1mSELECT  "hmd_states".* FROM "hmd_states" WHERE "hmd_states"."hmd_id" = $1  ORDER BY "hmd_states"."id" DESC LIMIT 1[0m  [["hmd_id", 4]]
  Rendered hmds/_hmd.html.haml (1.6ms)
  [1m[35mHmdState Load (0.4ms)[0m  SELECT  "hmd_states".* FROM "hmd_states" WHERE "hmd_states"."hmd_id" = $1  ORDER BY "hmd_states"."id" DESC LIMIT 1  [["hmd_id", 2]]
  Rendered hmds/_hmd.html.haml (1.8ms)
  [1m[36mHmdState Load (0.3ms)[0m  [1mSELECT  "hmd_states".* FROM "hmd_states" WHERE "hmd_states"."hmd_id" = $1  ORDER BY "hmd_states"."id" DESC LIMIT 1[0m  [["hmd_id", 1]]
  Rendered hmds/_hmd.html.haml (1.7ms)
  Rendered hmds/index.html.haml within layouts/application (106.7ms)
Completed 200 OK in 580ms (Views: 541.7ms | ActiveRecord: 32.6ms)


Started GET "/hmds/3/edit" for 127.0.0.1 at 2015-07-13 17:05:49 -0400
Processing by HmdsController#edit as HTML
  Parameters: {"id"=>"3"}
  [1m[35mHmd Load (0.2ms)[0m  SELECT  "hmds".* FROM "hmds" WHERE "hmds"."id" = $1 LIMIT 1  [["id", 3]]
  [1m[36mHmdState Load (0.2ms)[0m  [1mSELECT "hmd_states".* FROM "hmd_states" WHERE "hmd_states"."hmd_id" = $1[0m  [["hmd_id", 3]]
  Rendered hmds/edit.html.haml within layouts/application (17.3ms)
Completed 200 OK in 82ms (Views: 64.6ms | ActiveRecord: 0.4ms)


Started PATCH "/hmds/3" for 127.0.0.1 at 2015-07-13 17:06:31 -0400
Processing by HmdsController#update as HTML
  Parameters: {"utf8"=>"✓", "authenticity_token"=>"H/6ZIzTMRun/Mhtn5fBgAr/PwoD2BKjBWJhvWqDtfyzpSGcthmMQRjFT3M3Pk3xeMyfFqXDndvaJH+ddIZSszg==", "hmd"=>{"state"=>"released"}, "commit"=>"Update", "id"=>"3"}
  [1m[35mHmd Load (0.4ms)[0m  SELECT  "hmds".* FROM "hmds" WHERE "hmds"."id" = $1 LIMIT 1  [["id", 3]]
  [1m[36m (0.2ms)[0m  [1mBEGIN[0m
  [1m[35mSQL (11.9ms)[0m  INSERT INTO "hmd_states" ("state", "hmd_id", "created_at", "updated_at") VALUES ($1, $2, $3, $4) RETURNING "id"  [["state", "released"], ["hmd_id", 3], ["created_at", "2015-07-13 21:06:31.617625"], ["updated_at", "2015-07-13 21:06:31.617625"]]
  [1m[36m (10.9ms)[0m  [1mCOMMIT[0m
  [1m[35m (0.1ms)[0m  BEGIN
  [1m[36m (0.1ms)[0m  [1mCOMMIT[0m
Redirected to http://localhost:3000/hmds
Completed 302 Found in 31ms (ActiveRecord: 23.6ms)


Started GET "/hmds" for 127.0.0.1 at 2015-07-13 17:06:31 -0400
Processing by HmdsController#index as HTML
  [1m[35mHmd Load (0.5ms)[0m  SELECT "hmds".* FROM "hmds"  ORDER BY announced_at desc, name desc
  [1m[36mHmdState Load (0.1ms)[0m  [1mSELECT  "hmd_states".* FROM "hmd_states" WHERE "hmd_states"."hmd_id" = $1  ORDER BY "hmd_states"."id" DESC LIMIT 1[0m  [["hmd_id", 3]]
  Rendered hmds/_hmd.html.haml (1.9ms)
  [1m[35mHmdState Load (0.1ms)[0m  SELECT  "hmd_states".* FROM "hmd_states" WHERE "hmd_states"."hmd_id" = $1  ORDER BY "hmd_states"."id" DESC LIMIT 1  [["hmd_id", 6]]
  Rendered hmds/_hmd.html.haml (1.2ms)
  [1m[36mHmdState Load (0.1ms)[0m  [1mSELECT  "hmd_states".* FROM "hmd_states" WHERE "hmd_states"."hmd_id" = $1  ORDER BY "hmd_states"."id" DESC LIMIT 1[0m  [["hmd_id", 7]]
  Rendered hmds/_hmd.html.haml (1.2ms)
  [1m[35mHmdState Load (0.1ms)[0m  SELECT  "hmd_states".* FROM "hmd_states" WHERE "hmd_states"."hmd_id" = $1  ORDER BY "hmd_states"."id" DESC LIMIT 1  [["hmd_id", 5]]
  Rendered hmds/_hmd.html.haml (1.2ms)
  [1m[36mHmdState Load (0.1ms)[0m  [1mSELECT  "hmd_states".* FROM "hmd_states" WHERE "hmd_states"."hmd_id" = $1  ORDER BY "hmd_states"."id" DESC LIMIT 1[0m  [["hmd_id", 4]]
  Rendered hmds/_hmd.html.haml (1.1ms)
  [1m[35mHmdState Load (0.1ms)[0m  SELECT  "hmd_states".* FROM "hmd_states" WHERE "hmd_states"."hmd_id" = $1  ORDER BY "hmd_states"."id" DESC LIMIT 1  [["hmd_id", 2]]
  Rendered hmds/_hmd.html.haml (1.1ms)
  [1m[36mHmdState Load (0.2ms)[0m  [1mSELECT  "hmd_states".* FROM "hmd_states" WHERE "hmd_states"."hmd_id" = $1  ORDER BY "hmd_states"."id" DESC LIMIT 1[0m  [["hmd_id", 1]]
  Rendered hmds/_hmd.html.haml (1.3ms)
  Rendered hmds/index.html.haml within layouts/application (15.4ms)
Completed 200 OK in 111ms (Views: 109.3ms | ActiveRecord: 1.4ms)


Started GET "/hmds/3/edit" for 127.0.0.1 at 2015-07-13 17:06:33 -0400
Processing by HmdsController#edit as HTML
  Parameters: {"id"=>"3"}
  [1m[35mHmd Load (0.3ms)[0m  SELECT  "hmds".* FROM "hmds" WHERE "hmds"."id" = $1 LIMIT 1  [["id", 3]]
  [1m[36mHmdState Load (0.3ms)[0m  [1mSELECT "hmd_states".* FROM "hmd_states" WHERE "hmd_states"."hmd_id" = $1[0m  [["hmd_id", 3]]
  Rendered hmds/edit.html.haml within layouts/application (3.5ms)
Completed 200 OK in 65ms (Views: 62.5ms | ActiveRecord: 0.6ms)
